Error: Cannot find module '/home/operador/brandi-A/master/Server/code/Client/build'
    at Function.Module._resolveFilename (module.js:547:15)
    at Function.Module._load (module.js:474:25)
    at Object.<anonymous> (/home/operador/.nvm/versions/node/v8.11.3/lib/node_modules/pm2/lib/ProcessContainerFork.js:83:21)
    at Module._compile (module.js:652:30)
    at Object.Module._extensions..js (module.js:663:10)
    at Module.load (module.js:565:32)
    at tryModuleLoad (module.js:505:12)
    at Function.Module._load (module.js:497:3)
    at Function.Module.runMain (module.js:693:10)
    at startup (bootstrap_node.js:191:16)
Error: Cannot find module '/home/operador/brandi-A/master/Server/code/Client/build'
    at Function.Module._resolveFilename (module.js:547:15)
    at Function.Module._load (module.js:474:25)
    at Object.<anonymous> (/home/operador/.nvm/versions/node/v8.11.3/lib/node_modules/pm2/lib/ProcessContainerFork.js:83:21)
    at Module._compile (module.js:652:30)
    at Object.Module._extensions..js (module.js:663:10)
    at Module.load (module.js:565:32)
    at tryModuleLoad (module.js:505:12)
    at Function.Module._load (module.js:497:3)
    at Function.Module.runMain (module.js:693:10)
    at startup (bootstrap_node.js:191:16)
Error: Cannot find module '/home/operador/brandi-A/master/Server/code/Client/build'
    at Function.Module._resolveFilename (module.js:547:15)
    at Function.Module._load (module.js:474:25)
    at Object.<anonymous> (/home/operador/.nvm/versions/node/v8.11.3/lib/node_modules/pm2/lib/ProcessContainerFork.js:83:21)
    at Module._compile (module.js:652:30)
    at Object.Module._extensions..js (module.js:663:10)
    at Module.load (module.js:565:32)
    at tryModuleLoad (module.js:505:12)
    at Function.Module._load (module.js:497:3)
    at Function.Module.runMain (module.js:693:10)
    at startup (bootstrap_node.js:191:16)
Error: Cannot find module '/home/operador/brandi-A/master/Server/code/Client/build'
    at Function.Module._resolveFilename (module.js:547:15)
    at Function.Module._load (module.js:474:25)
    at Object.<anonymous> (/home/operador/.nvm/versions/node/v8.11.3/lib/node_modules/pm2/lib/ProcessContainerFork.js:83:21)
    at Module._compile (module.js:652:30)
    at Object.Module._extensions..js (module.js:663:10)
    at Module.load (module.js:565:32)
    at tryModuleLoad (module.js:505:12)
    at Function.Module._load (module.js:497:3)
    at Function.Module.runMain (module.js:693:10)
    at startup (bootstrap_node.js:191:16)
Error: Cannot find module '/home/operador/brandi-A/master/Server/code/Client/build'
    at Function.Module._resolveFilename (module.js:547:15)
    at Function.Module._load (module.js:474:25)
    at Object.<anonymous> (/home/operador/.nvm/versions/node/v8.11.3/lib/node_modules/pm2/lib/ProcessContainerFork.js:83:21)
    at Module._compile (module.js:652:30)
    at Object.Module._extensions..js (module.js:663:10)
    at Module.load (module.js:565:32)
    at tryModuleLoad (module.js:505:12)
    at Function.Module._load (module.js:497:3)
    at Function.Module.runMain (module.js:693:10)
    at startup (bootstrap_node.js:191:16)
Error: Cannot find module '/home/operador/brandi-A/master/Server/code/Client/build'
    at Function.Module._resolveFilename (module.js:547:15)
    at Function.Module._load (module.js:474:25)
    at Object.<anonymous> (/home/operador/.nvm/versions/node/v8.11.3/lib/node_modules/pm2/lib/ProcessContainerFork.js:83:21)
    at Module._compile (module.js:652:30)
    at Object.Module._extensions..js (module.js:663:10)
    at Module.load (module.js:565:32)
    at tryModuleLoad (module.js:505:12)
    at Function.Module._load (module.js:497:3)
    at Function.Module.runMain (module.js:693:10)
    at startup (bootstrap_node.js:191:16)
Error: Cannot find module '/home/operador/brandi-A/master/Server/code/Client/build'
    at Function.Module._resolveFilename (module.js:547:15)
    at Function.Module._load (module.js:474:25)
    at Object.<anonymous> (/home/operador/.nvm/versions/node/v8.11.3/lib/node_modules/pm2/lib/ProcessContainerFork.js:83:21)
    at Module._compile (module.js:652:30)
    at Object.Module._extensions..js (module.js:663:10)
    at Module.load (module.js:565:32)
    at tryModuleLoad (module.js:505:12)
    at Function.Module._load (module.js:497:3)
    at Function.Module.runMain (module.js:693:10)
    at startup (bootstrap_node.js:191:16)
Error: Cannot find module '/home/operador/brandi-A/master/Server/code/Client/build'
    at Function.Module._resolveFilename (module.js:547:15)
    at Function.Module._load (module.js:474:25)
    at Object.<anonymous> (/home/operador/.nvm/versions/node/v8.11.3/lib/node_modules/pm2/lib/ProcessContainerFork.js:83:21)
    at Module._compile (module.js:652:30)
    at Object.Module._extensions..js (module.js:663:10)
    at Module.load (module.js:565:32)
    at tryModuleLoad (module.js:505:12)
    at Function.Module._load (module.js:497:3)
    at Function.Module.runMain (module.js:693:10)
    at startup (bootstrap_node.js:191:16)
Error: Cannot find module '/home/operador/brandi-A/master/Server/code/Client/build'
    at Function.Module._resolveFilename (module.js:547:15)
    at Function.Module._load (module.js:474:25)
    at Object.<anonymous> (/home/operador/.nvm/versions/node/v8.11.3/lib/node_modules/pm2/lib/ProcessContainerFork.js:83:21)
    at Module._compile (module.js:652:30)
    at Object.Module._extensions..js (module.js:663:10)
    at Module.load (module.js:565:32)
    at tryModuleLoad (module.js:505:12)
    at Function.Module._load (module.js:497:3)
    at Function.Module.runMain (module.js:693:10)
    at startup (bootstrap_node.js:191:16)
Error: Cannot find module '/home/operador/brandi-A/master/Server/code/Client/build'
    at Function.Module._resolveFilename (module.js:547:15)
    at Function.Module._load (module.js:474:25)
    at Object.<anonymous> (/home/operador/.nvm/versions/node/v8.11.3/lib/node_modules/pm2/lib/ProcessContainerFork.js:83:21)
    at Module._compile (module.js:652:30)
    at Object.Module._extensions..js (module.js:663:10)
    at Module.load (module.js:565:32)
    at tryModuleLoad (module.js:505:12)
    at Function.Module._load (module.js:497:3)
    at Function.Module.runMain (module.js:693:10)
    at startup (bootstrap_node.js:191:16)
Error: Cannot find module '/home/operador/brandi-A/master/Server/code/Client/build'
    at Function.Module._resolveFilename (module.js:547:15)
    at Function.Module._load (module.js:474:25)
    at Object.<anonymous> (/home/operador/.nvm/versions/node/v8.11.3/lib/node_modules/pm2/lib/ProcessContainerFork.js:83:21)
    at Module._compile (module.js:652:30)
    at Object.Module._extensions..js (module.js:663:10)
    at Module.load (module.js:565:32)
    at tryModuleLoad (module.js:505:12)
    at Function.Module._load (module.js:497:3)
    at Function.Module.runMain (module.js:693:10)
    at startup (bootstrap_node.js:191:16)
Error: Cannot find module '/home/operador/brandi-A/master/Server/code/Client/build'
    at Function.Module._resolveFilename (module.js:547:15)
    at Function.Module._load (module.js:474:25)
    at Object.<anonymous> (/home/operador/.nvm/versions/node/v8.11.3/lib/node_modules/pm2/lib/ProcessContainerFork.js:83:21)
    at Module._compile (module.js:652:30)
    at Object.Module._extensions..js (module.js:663:10)
    at Module.load (module.js:565:32)
    at tryModuleLoad (module.js:505:12)
    at Function.Module._load (module.js:497:3)
    at Function.Module.runMain (module.js:693:10)
    at startup (bootstrap_node.js:191:16)
Error: Cannot find module '/home/operador/brandi-A/master/Server/code/Client/build'
    at Function.Module._resolveFilename (module.js:547:15)
    at Function.Module._load (module.js:474:25)
    at Object.<anonymous> (/home/operador/.nvm/versions/node/v8.11.3/lib/node_modules/pm2/lib/ProcessContainerFork.js:83:21)
    at Module._compile (module.js:652:30)
    at Object.Module._extensions..js (module.js:663:10)
    at Module.load (module.js:565:32)
    at tryModuleLoad (module.js:505:12)
    at Function.Module._load (module.js:497:3)
    at Function.Module.runMain (module.js:693:10)
    at startup (bootstrap_node.js:191:16)
Error: Cannot find module '/home/operador/brandi-A/master/Server/code/Client/build'
    at Function.Module._resolveFilename (module.js:547:15)
    at Function.Module._load (module.js:474:25)
    at Object.<anonymous> (/home/operador/.nvm/versions/node/v8.11.3/lib/node_modules/pm2/lib/ProcessContainerFork.js:83:21)
    at Module._compile (module.js:652:30)
    at Object.Module._extensions..js (module.js:663:10)
    at Module.load (module.js:565:32)
    at tryModuleLoad (module.js:505:12)
    at Function.Module._load (module.js:497:3)
    at Function.Module.runMain (module.js:693:10)
    at startup (bootstrap_node.js:191:16)
Error: Cannot find module '/home/operador/brandi-A/master/Server/code/Client/build'
    at Function.Module._resolveFilename (module.js:547:15)
    at Function.Module._load (module.js:474:25)
    at Object.<anonymous> (/home/operador/.nvm/versions/node/v8.11.3/lib/node_modules/pm2/lib/ProcessContainerFork.js:83:21)
    at Module._compile (module.js:652:30)
    at Object.Module._extensions..js (module.js:663:10)
    at Module.load (module.js:565:32)
    at tryModuleLoad (module.js:505:12)
    at Function.Module._load (module.js:497:3)
    at Function.Module.runMain (module.js:693:10)
    at startup (bootstrap_node.js:191:16)
Error: Cannot find module '/home/operador/brandi-A/master/Server/code/Client/build'
    at Function.Module._resolveFilename (module.js:547:15)
    at Function.Module._load (module.js:474:25)
    at Object.<anonymous> (/home/operador/.nvm/versions/node/v8.11.3/lib/node_modules/pm2/lib/ProcessContainerFork.js:83:21)
    at Module._compile (module.js:652:30)
    at Object.Module._extensions..js (module.js:663:10)
    at Module.load (module.js:565:32)
    at tryModuleLoad (module.js:505:12)
    at Function.Module._load (module.js:497:3)
    at Function.Module.runMain (module.js:693:10)
    at startup (bootstrap_node.js:191:16)
