Starting the development server...

Compiled successfully!

You can now view brandi in the browser.

  http://localhost:3000/

Note that the development build is not optimized.
To create a production build, use npm run build.

Compiling...
Compiled successfully!
Starting the development server...

Compiled successfully!

You can now view brandi in the browser.

  http://localhost:3000/

Note that the development build is not optimized.
To create a production build, use npm run build.

Failed to compile.

./src/index.js
Error: ENOENT: no such file or directory, open '/home/operador/brandi-A/master/Client/src/index.js'
Failed to compile.

./node_modules/sockjs-client/lib/utils/browser-crypto.js
Error: ENOENT: no such file or directory, open '/home/operador/brandi-A/master/Client/node_modules/sockjs-client/lib/utils/browser-crypto.js'
