Error: Connection lost: The server closed the connection.
    at Protocol.end (/home/operador/brandiB/Backend/NodeJS/node_modules/mysql/lib/protocol/Protocol.js:112:13)
    at Socket.<anonymous> (/home/operador/brandiB/Backend/NodeJS/node_modules/mysql/lib/Connection.js:97:28)
    at Socket.<anonymous> (/home/operador/brandiB/Backend/NodeJS/node_modules/mysql/lib/Connection.js:502:10)
    at emitNone (events.js:111:20)
    at Socket.emit (events.js:208:7)
    at endReadableNT (_stream_readable.js:1064:12)
    at _combinedTickCallback (internal/process/next_tick.js:138:11)
    at process._tickDomainCallback (internal/process/next_tick.js:218:9)
Error: Connection lost: The server closed the connection.
    at Protocol.end (/home/operador/brandiB/Backend/NodeJS/node_modules/mysql/lib/protocol/Protocol.js:112:13)
    at Socket.<anonymous> (/home/operador/brandiB/Backend/NodeJS/node_modules/mysql/lib/Connection.js:97:28)
    at Socket.<anonymous> (/home/operador/brandiB/Backend/NodeJS/node_modules/mysql/lib/Connection.js:502:10)
    at emitNone (events.js:111:20)
    at Socket.emit (events.js:208:7)
    at endReadableNT (_stream_readable.js:1064:12)
    at _combinedTickCallback (internal/process/next_tick.js:138:11)
    at process._tickDomainCallback (internal/process/next_tick.js:218:9)
Error: Connection lost: The server closed the connection.
    at Protocol.end (/home/operador/brandiB/Backend/NodeJS/node_modules/mysql/lib/protocol/Protocol.js:112:13)
    at Socket.<anonymous> (/home/operador/brandiB/Backend/NodeJS/node_modules/mysql/lib/Connection.js:97:28)
    at Socket.<anonymous> (/home/operador/brandiB/Backend/NodeJS/node_modules/mysql/lib/Connection.js:502:10)
    at emitNone (events.js:111:20)
    at Socket.emit (events.js:208:7)
    at endReadableNT (_stream_readable.js:1064:12)
    at _combinedTickCallback (internal/process/next_tick.js:138:11)
    at process._tickDomainCallback (internal/process/next_tick.js:218:9)
