RangeNotSatisfiableError: Range Not Satisfiable
    at SendStream.error (/home/operador/brandiB/Backend/NodeJS/node_modules/send/index.js:270:31)
    at SendStream.send (/home/operador/brandiB/Backend/NodeJS/node_modules/send/index.js:671:19)
    at onstat (/home/operador/brandiB/Backend/NodeJS/node_modules/send/index.js:730:10)
    at FSReqWrap.oncomplete (fs.js:153:5)
RangeNotSatisfiableError: Range Not Satisfiable
    at SendStream.error (/home/operador/brandiB/Backend/NodeJS/node_modules/send/index.js:270:31)
    at SendStream.send (/home/operador/brandiB/Backend/NodeJS/node_modules/send/index.js:671:19)
    at onstat (/home/operador/brandiB/Backend/NodeJS/node_modules/send/index.js:730:10)
    at FSReqWrap.oncomplete (fs.js:153:5)
Error: ENOENT: no such file or directory, stat '/home/operador/brandiB/Backend/NodeJS/index.html'
Error: ENOENT: no such file or directory, stat '/home/operador/brandiB/Backend/NodeJS/index.html'
Error: ENOENT: no such file or directory, stat '/home/operador/brandiB/Backend/NodeJS/index.html'
Error: ENOENT: no such file or directory, stat '/home/operador/brandiB/Backend/NodeJS/index.html'
Error: ENOENT: no such file or directory, stat '/home/operador/brandiB/Backend/NodeJS/index.html'
Error: ENOENT: no such file or directory, stat '/home/operador/brandiB/Backend/NodeJS/index.html'
Error: ENOENT: no such file or directory, stat '/home/operador/brandiB/Backend/NodeJS/index.html'
Error: ENOENT: no such file or directory, stat '/home/operador/brandiB/Backend/NodeJS/index.html'
Error: ENOENT: no such file or directory, stat '/home/operador/brandiB/Backend/NodeJS/index.html'
Error: ENOENT: no such file or directory, stat '/home/operador/brandiB/Backend/NodeJS/index.html'
Error: ENOENT: no such file or directory, stat '/home/operador/brandiB/Backend/Frontend/index.html'
Error: ENOENT: no such file or directory, stat '/home/operador/brandiB/Backend/Frontend/index.html'
Error: ENOENT: no such file or directory, stat '/home/operador/brandiB/Backend/Frontend/index.html'
