Error: listen EADDRINUSE :::5000
    at Object._errnoException (util.js:992:11)
    at _exceptionWithHostPort (util.js:1014:20)
    at Server.setupListenHandle [as _listen2] (net.js:1355:14)
    at listenInCluster (net.js:1396:12)
    at Server.listen (net.js:1480:7)
    at Function.listen (/home/operador/brandiB/Backend/NodeJS/node_modules/express/lib/application.js:618:24)
    at Object.<anonymous> (/home/operador/brandiB/Backend/NodeJS/login.js:116:5)
    at Module._compile (module.js:652:30)
    at Object.Module._extensions..js (module.js:663:10)
    at Module.load (module.js:565:32)
Error: listen EADDRINUSE :::5000
    at Object._errnoException (util.js:992:11)
    at _exceptionWithHostPort (util.js:1014:20)
    at Server.setupListenHandle [as _listen2] (net.js:1355:14)
    at listenInCluster (net.js:1396:12)
    at Server.listen (net.js:1480:7)
    at Function.listen (/home/operador/brandiB/Backend/NodeJS/node_modules/express/lib/application.js:618:24)
    at Object.<anonymous> (/home/operador/brandiB/Backend/NodeJS/login.js:116:5)
    at Module._compile (module.js:652:30)
    at Object.Module._extensions..js (module.js:663:10)
    at Module.load (module.js:565:32)
Error: listen EADDRINUSE :::5000
    at Object._errnoException (util.js:992:11)
    at _exceptionWithHostPort (util.js:1014:20)
    at Server.setupListenHandle [as _listen2] (net.js:1355:14)
    at listenInCluster (net.js:1396:12)
    at Server.listen (net.js:1480:7)
    at Function.listen (/home/operador/brandiB/Backend/NodeJS/node_modules/express/lib/application.js:618:24)
    at Object.<anonymous> (/home/operador/brandiB/Backend/NodeJS/login.js:116:5)
    at Module._compile (module.js:652:30)
    at Object.Module._extensions..js (module.js:663:10)
    at Module.load (module.js:565:32)
Error: listen EADDRINUSE :::5000
    at Object._errnoException (util.js:992:11)
    at _exceptionWithHostPort (util.js:1014:20)
    at Server.setupListenHandle [as _listen2] (net.js:1355:14)
    at listenInCluster (net.js:1396:12)
    at Server.listen (net.js:1480:7)
    at Function.listen (/home/operador/brandiB/Backend/NodeJS/node_modules/express/lib/application.js:618:24)
    at Object.<anonymous> (/home/operador/brandiB/Backend/NodeJS/login.js:116:5)
    at Module._compile (module.js:652:30)
    at Object.Module._extensions..js (module.js:663:10)
    at Module.load (module.js:565:32)
Error: listen EADDRINUSE :::5000
    at Object._errnoException (util.js:992:11)
    at _exceptionWithHostPort (util.js:1014:20)
    at Server.setupListenHandle [as _listen2] (net.js:1355:14)
    at listenInCluster (net.js:1396:12)
    at Server.listen (net.js:1480:7)
    at Function.listen (/home/operador/brandiB/Backend/NodeJS/node_modules/express/lib/application.js:618:24)
    at Object.<anonymous> (/home/operador/brandiB/Backend/NodeJS/login.js:116:5)
    at Module._compile (module.js:652:30)
    at Object.Module._extensions..js (module.js:663:10)
    at Module.load (module.js:565:32)
Error: listen EADDRINUSE :::5000
    at Object._errnoException (util.js:992:11)
    at _exceptionWithHostPort (util.js:1014:20)
    at Server.setupListenHandle [as _listen2] (net.js:1355:14)
    at listenInCluster (net.js:1396:12)
    at Server.listen (net.js:1480:7)
    at Function.listen (/home/operador/brandiB/Backend/NodeJS/node_modules/express/lib/application.js:618:24)
    at Object.<anonymous> (/home/operador/brandiB/Backend/NodeJS/login.js:116:5)
    at Module._compile (module.js:652:30)
    at Object.Module._extensions..js (module.js:663:10)
    at Module.load (module.js:565:32)
Error: listen EADDRINUSE :::5000
    at Object._errnoException (util.js:992:11)
    at _exceptionWithHostPort (util.js:1014:20)
    at Server.setupListenHandle [as _listen2] (net.js:1355:14)
    at listenInCluster (net.js:1396:12)
    at Server.listen (net.js:1480:7)
    at Function.listen (/home/operador/brandiB/Backend/NodeJS/node_modules/express/lib/application.js:618:24)
    at Object.<anonymous> (/home/operador/brandiB/Backend/NodeJS/login.js:116:5)
    at Module._compile (module.js:652:30)
    at Object.Module._extensions..js (module.js:663:10)
    at Module.load (module.js:565:32)
Error: listen EADDRINUSE :::5000
    at Object._errnoException (util.js:992:11)
    at _exceptionWithHostPort (util.js:1014:20)
    at Server.setupListenHandle [as _listen2] (net.js:1355:14)
    at listenInCluster (net.js:1396:12)
    at Server.listen (net.js:1480:7)
    at Function.listen (/home/operador/brandiB/Backend/NodeJS/node_modules/express/lib/application.js:618:24)
    at Object.<anonymous> (/home/operador/brandiB/Backend/NodeJS/login.js:116:5)
    at Module._compile (module.js:652:30)
    at Object.Module._extensions..js (module.js:663:10)
    at Module.load (module.js:565:32)
Error: listen EADDRINUSE :::5000
    at Object._errnoException (util.js:992:11)
    at _exceptionWithHostPort (util.js:1014:20)
    at Server.setupListenHandle [as _listen2] (net.js:1355:14)
    at listenInCluster (net.js:1396:12)
    at Server.listen (net.js:1480:7)
    at Function.listen (/home/operador/brandiB/Backend/NodeJS/node_modules/express/lib/application.js:618:24)
    at Object.<anonymous> (/home/operador/brandiB/Backend/NodeJS/login.js:116:5)
    at Module._compile (module.js:652:30)
    at Object.Module._extensions..js (module.js:663:10)
    at Module.load (module.js:565:32)
Error: listen EADDRINUSE :::5000
    at Object._errnoException (util.js:992:11)
    at _exceptionWithHostPort (util.js:1014:20)
    at Server.setupListenHandle [as _listen2] (net.js:1355:14)
    at listenInCluster (net.js:1396:12)
    at Server.listen (net.js:1480:7)
    at Function.listen (/home/operador/brandiB/Backend/NodeJS/node_modules/express/lib/application.js:618:24)
    at Object.<anonymous> (/home/operador/brandiB/Backend/NodeJS/login.js:116:5)
    at Module._compile (module.js:652:30)
    at Object.Module._extensions..js (module.js:663:10)
    at Module.load (module.js:565:32)
Error: listen EADDRINUSE :::5000
    at Object._errnoException (util.js:992:11)
    at _exceptionWithHostPort (util.js:1014:20)
    at Server.setupListenHandle [as _listen2] (net.js:1355:14)
    at listenInCluster (net.js:1396:12)
    at Server.listen (net.js:1480:7)
    at Function.listen (/home/operador/brandiB/Backend/NodeJS/node_modules/express/lib/application.js:618:24)
    at Object.<anonymous> (/home/operador/brandiB/Backend/NodeJS/login.js:116:5)
    at Module._compile (module.js:652:30)
    at Object.Module._extensions..js (module.js:663:10)
    at Module.load (module.js:565:32)
Error: listen EADDRINUSE :::5000
    at Object._errnoException (util.js:992:11)
    at _exceptionWithHostPort (util.js:1014:20)
    at Server.setupListenHandle [as _listen2] (net.js:1355:14)
    at listenInCluster (net.js:1396:12)
    at Server.listen (net.js:1480:7)
    at Function.listen (/home/operador/brandiB/Backend/NodeJS/node_modules/express/lib/application.js:618:24)
    at Object.<anonymous> (/home/operador/brandiB/Backend/NodeJS/login.js:116:5)
    at Module._compile (module.js:652:30)
    at Object.Module._extensions..js (module.js:663:10)
    at Module.load (module.js:565:32)
Error: listen EADDRINUSE :::5000
    at Object._errnoException (util.js:992:11)
    at _exceptionWithHostPort (util.js:1014:20)
    at Server.setupListenHandle [as _listen2] (net.js:1355:14)
    at listenInCluster (net.js:1396:12)
    at Server.listen (net.js:1480:7)
    at Function.listen (/home/operador/brandiB/Backend/NodeJS/node_modules/express/lib/application.js:618:24)
    at Object.<anonymous> (/home/operador/brandiB/Backend/NodeJS/login.js:116:5)
    at Module._compile (module.js:652:30)
    at Object.Module._extensions..js (module.js:663:10)
    at Module.load (module.js:565:32)
Error: listen EADDRINUSE :::5000
    at Object._errnoException (util.js:992:11)
    at _exceptionWithHostPort (util.js:1014:20)
    at Server.setupListenHandle [as _listen2] (net.js:1355:14)
    at listenInCluster (net.js:1396:12)
    at Server.listen (net.js:1480:7)
    at Function.listen (/home/operador/brandiB/Backend/NodeJS/node_modules/express/lib/application.js:618:24)
    at Object.<anonymous> (/home/operador/brandiB/Backend/NodeJS/login.js:116:5)
    at Module._compile (module.js:652:30)
    at Object.Module._extensions..js (module.js:663:10)
    at Module.load (module.js:565:32)
Error: listen EADDRINUSE :::5000
    at Object._errnoException (util.js:992:11)
    at _exceptionWithHostPort (util.js:1014:20)
    at Server.setupListenHandle [as _listen2] (net.js:1355:14)
    at listenInCluster (net.js:1396:12)
    at Server.listen (net.js:1480:7)
    at Function.listen (/home/operador/brandiB/Backend/NodeJS/node_modules/express/lib/application.js:618:24)
    at Object.<anonymous> (/home/operador/brandiB/Backend/NodeJS/login.js:116:5)
    at Module._compile (module.js:652:30)
    at Object.Module._extensions..js (module.js:663:10)
    at Module.load (module.js:565:32)
Error: listen EADDRINUSE :::5000
    at Object._errnoException (util.js:992:11)
    at _exceptionWithHostPort (util.js:1014:20)
    at Server.setupListenHandle [as _listen2] (net.js:1355:14)
    at listenInCluster (net.js:1396:12)
    at Server.listen (net.js:1480:7)
    at Function.listen (/home/operador/brandiB/Backend/NodeJS/node_modules/express/lib/application.js:618:24)
    at Object.<anonymous> (/home/operador/brandiB/Backend/NodeJS/login.js:116:5)
    at Module._compile (module.js:652:30)
    at Object.Module._extensions..js (module.js:663:10)
    at Module.load (module.js:565:32)
