sh: react-scripts: command not found
npm ERR! file sh
npm ERR! code ELIFECYCLE
npm ERR! errno ENOENT
npm ERR! syscall spawn
npm ERR! notes-app-client@0.1.0 start: `set PORT=80 && react-scripts start`
npm ERR! spawn ENOENT
npm ERR! 
npm ERR! Failed at the notes-app-client@0.1.0 start script.
npm ERR! This is probably not a problem with npm. There is likely additional logging output above.
npm WARN Local package.json exists, but node_modules missing, did you mean to install?

npm ERR! A complete log of this run can be found in:
npm ERR!     /home/operador/.npm/_logs/2019-03-20T00_26_06_649Z-debug.log
sh: react-scripts: command not found
npm ERR! file sh
npm ERR! code ELIFECYCLE
npm ERR! errno ENOENT
npm ERR! syscall spawn
npm ERR! notes-app-client@0.1.0 start: `set PORT=80 && react-scripts start`
npm ERR! spawn ENOENT
npm ERR! 
npm ERR! Failed at the notes-app-client@0.1.0 start script.
npm ERR! This is probably not a problem with npm. There is likely additional logging output above.
npm WARN Local package.json exists, but node_modules missing, did you mean to install?

npm ERR! A complete log of this run can be found in:
npm ERR!     /home/operador/.npm/_logs/2019-03-20T00_26_07_175Z-debug.log
sh: react-scripts: command not found
npm ERR! file sh
npm ERR! code ELIFECYCLE
npm ERR! errno ENOENT
npm ERR! syscall spawn
npm ERR! notes-app-client@0.1.0 start: `set PORT=80 && react-scripts start`
npm ERR! spawn ENOENT
npm ERR! 
npm ERR! Failed at the notes-app-client@0.1.0 start script.
npm ERR! This is probably not a problem with npm. There is likely additional logging output above.
npm WARN Local package.json exists, but node_modules missing, did you mean to install?

npm ERR! A complete log of this run can be found in:
npm ERR!     /home/operador/.npm/_logs/2019-03-20T00_26_07_696Z-debug.log
sh: react-scripts: command not found
npm ERR! file sh
npm ERR! code ELIFECYCLE
npm ERR! errno ENOENT
npm ERR! syscall spawn
npm ERR! notes-app-client@0.1.0 start: `set PORT=80 && react-scripts start`
npm ERR! spawn ENOENT
npm ERR! 
npm ERR! Failed at the notes-app-client@0.1.0 start script.
npm ERR! This is probably not a problem with npm. There is likely additional logging output above.
npm WARN Local package.json exists, but node_modules missing, did you mean to install?

npm ERR! A complete log of this run can be found in:
npm ERR!     /home/operador/.npm/_logs/2019-03-20T00_26_08_223Z-debug.log
sh: react-scripts: command not found
npm ERR! file sh
npm ERR! code ELIFECYCLE
npm ERR! errno ENOENT
npm ERR! syscall spawn
npm ERR! notes-app-client@0.1.0 start: `set PORT=80 && react-scripts start`
npm ERR! spawn ENOENT
npm ERR! 
npm ERR! Failed at the notes-app-client@0.1.0 start script.
npm ERR! This is probably not a problem with npm. There is likely additional logging output above.
npm WARN Local package.json exists, but node_modules missing, did you mean to install?

npm ERR! A complete log of this run can be found in:
npm ERR!     /home/operador/.npm/_logs/2019-03-20T00_26_08_752Z-debug.log
sh: react-scripts: command not found
npm ERR! file sh
npm ERR! code ELIFECYCLE
npm ERR! errno ENOENT
npm ERR! syscall spawn
npm ERR! notes-app-client@0.1.0 start: `set PORT=80 && react-scripts start`
npm ERR! spawn ENOENT
npm ERR! 
npm ERR! Failed at the notes-app-client@0.1.0 start script.
npm ERR! This is probably not a problem with npm. There is likely additional logging output above.
npm WARN Local package.json exists, but node_modules missing, did you mean to install?

npm ERR! A complete log of this run can be found in:
npm ERR!     /home/operador/.npm/_logs/2019-03-20T00_26_09_280Z-debug.log
sh: react-scripts: command not found
npm ERR! file sh
npm ERR! code ELIFECYCLE
npm ERR! errno ENOENT
npm ERR! syscall spawn
npm ERR! notes-app-client@0.1.0 start: `set PORT=80 && react-scripts start`
npm ERR! spawn ENOENT
npm ERR! 
npm ERR! Failed at the notes-app-client@0.1.0 start script.
npm ERR! This is probably not a problem with npm. There is likely additional logging output above.
npm WARN Local package.json exists, but node_modules missing, did you mean to install?

npm ERR! A complete log of this run can be found in:
npm ERR!     /home/operador/.npm/_logs/2019-03-20T00_26_09_806Z-debug.log
sh: react-scripts: command not found
npm ERR! file sh
npm ERR! code ELIFECYCLE
npm ERR! errno ENOENT
npm ERR! syscall spawn
npm ERR! notes-app-client@0.1.0 start: `set PORT=80 && react-scripts start`
npm ERR! spawn ENOENT
npm ERR! 
npm ERR! Failed at the notes-app-client@0.1.0 start script.
npm ERR! This is probably not a problem with npm. There is likely additional logging output above.
npm WARN Local package.json exists, but node_modules missing, did you mean to install?

npm ERR! A complete log of this run can be found in:
npm ERR!     /home/operador/.npm/_logs/2019-03-20T00_26_10_334Z-debug.log
sh: react-scripts: command not found
npm ERR! file sh
npm ERR! code ELIFECYCLE
npm ERR! errno ENOENT
npm ERR! syscall spawn
npm ERR! notes-app-client@0.1.0 start: `set PORT=80 && react-scripts start`
npm ERR! spawn ENOENT
npm ERR! 
npm ERR! Failed at the notes-app-client@0.1.0 start script.
npm ERR! This is probably not a problem with npm. There is likely additional logging output above.
npm WARN Local package.json exists, but node_modules missing, did you mean to install?

npm ERR! A complete log of this run can be found in:
npm ERR!     /home/operador/.npm/_logs/2019-03-20T00_26_10_863Z-debug.log
sh: react-scripts: command not found
npm ERR! file sh
npm ERR! code ELIFECYCLE
npm ERR! errno ENOENT
npm ERR! syscall spawn
npm ERR! notes-app-client@0.1.0 start: `set PORT=80 && react-scripts start`
npm ERR! spawn ENOENT
npm ERR! 
npm ERR! Failed at the notes-app-client@0.1.0 start script.
npm ERR! This is probably not a problem with npm. There is likely additional logging output above.
npm WARN Local package.json exists, but node_modules missing, did you mean to install?

npm ERR! A complete log of this run can be found in:
npm ERR!     /home/operador/.npm/_logs/2019-03-20T00_26_11_393Z-debug.log
sh: react-scripts: command not found
npm ERR! file sh
npm ERR! code ELIFECYCLE
npm ERR! errno ENOENT
npm ERR! syscall spawn
npm ERR! notes-app-client@0.1.0 start: `set PORT=80 && react-scripts start`
npm ERR! spawn ENOENT
npm ERR! 
npm ERR! Failed at the notes-app-client@0.1.0 start script.
npm ERR! This is probably not a problem with npm. There is likely additional logging output above.
npm WARN Local package.json exists, but node_modules missing, did you mean to install?

npm ERR! A complete log of this run can be found in:
npm ERR!     /home/operador/.npm/_logs/2019-03-20T00_26_11_917Z-debug.log
sh: react-scripts: command not found
npm ERR! file sh
npm ERR! code ELIFECYCLE
npm ERR! errno ENOENT
npm ERR! syscall spawn
npm ERR! notes-app-client@0.1.0 start: `set PORT=80 && react-scripts start`
npm ERR! spawn ENOENT
npm ERR! 
npm ERR! Failed at the notes-app-client@0.1.0 start script.
npm ERR! This is probably not a problem with npm. There is likely additional logging output above.
npm WARN Local package.json exists, but node_modules missing, did you mean to install?

npm ERR! A complete log of this run can be found in:
npm ERR!     /home/operador/.npm/_logs/2019-03-20T00_26_12_444Z-debug.log
sh: react-scripts: command not found
npm ERR! file sh
npm ERR! code ELIFECYCLE
npm ERR! errno ENOENT
npm ERR! syscall spawn
npm ERR! notes-app-client@0.1.0 start: `set PORT=80 && react-scripts start`
npm ERR! spawn ENOENT
npm ERR! 
npm ERR! Failed at the notes-app-client@0.1.0 start script.
npm ERR! This is probably not a problem with npm. There is likely additional logging output above.
npm WARN Local package.json exists, but node_modules missing, did you mean to install?

npm ERR! A complete log of this run can be found in:
npm ERR!     /home/operador/.npm/_logs/2019-03-20T00_26_12_970Z-debug.log
sh: react-scripts: command not found
npm ERR! file sh
npm ERR! code ELIFECYCLE
npm ERR! errno ENOENT
npm ERR! syscall spawn
npm ERR! notes-app-client@0.1.0 start: `set PORT=80 && react-scripts start`
npm ERR! spawn ENOENT
npm ERR! 
npm ERR! Failed at the notes-app-client@0.1.0 start script.
npm ERR! This is probably not a problem with npm. There is likely additional logging output above.
npm WARN Local package.json exists, but node_modules missing, did you mean to install?

npm ERR! A complete log of this run can be found in:
npm ERR!     /home/operador/.npm/_logs/2019-03-20T00_26_13_494Z-debug.log
sh: react-scripts: command not found
npm ERR! file sh
npm ERR! code ELIFECYCLE
npm ERR! errno ENOENT
npm ERR! syscall spawn
npm ERR! notes-app-client@0.1.0 start: `set PORT=80 && react-scripts start`
npm ERR! spawn ENOENT
npm ERR! 
npm ERR! Failed at the notes-app-client@0.1.0 start script.
npm ERR! This is probably not a problem with npm. There is likely additional logging output above.
npm WARN Local package.json exists, but node_modules missing, did you mean to install?

npm ERR! A complete log of this run can be found in:
npm ERR!     /home/operador/.npm/_logs/2019-03-20T00_26_14_015Z-debug.log
sh: react-scripts: command not found
npm ERR! file sh
npm ERR! code ELIFECYCLE
npm ERR! errno ENOENT
npm ERR! syscall spawn
npm ERR! notes-app-client@0.1.0 start: `set PORT=80 && react-scripts start`
npm ERR! spawn ENOENT
npm ERR! 
npm ERR! Failed at the notes-app-client@0.1.0 start script.
npm ERR! This is probably not a problem with npm. There is likely additional logging output above.
npm WARN Local package.json exists, but node_modules missing, did you mean to install?

npm ERR! A complete log of this run can be found in:
npm ERR!     /home/operador/.npm/_logs/2019-03-20T00_26_14_539Z-debug.log
