sh: react-scripts: command not found
npm ERR! file sh
npm ERR! code ELIFECYCLE
npm ERR! errno ENOENT
npm ERR! syscall spawn
npm ERR! notes-app-client@0.1.0 start: `set PORT=82 && react-scripts start`
npm ERR! spawn ENOENT
npm ERR! 
npm ERR! Failed at the notes-app-client@0.1.0 start script.
npm ERR! This is probably not a problem with npm. There is likely additional logging output above.
npm WARN Local package.json exists, but node_modules missing, did you mean to install?

npm ERR! A complete log of this run can be found in:
npm ERR!     /home/operador/.npm/_logs/2019-03-20T00_21_39_601Z-debug.log
sh: react-scripts: command not found
npm ERR! file sh
npm ERR! code ELIFECYCLE
npm ERR! errno ENOENT
npm ERR! syscall spawn
npm ERR! notes-app-client@0.1.0 start: `set PORT=82 && react-scripts start`
npm ERR! spawn ENOENT
npm ERR! 
npm ERR! Failed at the notes-app-client@0.1.0 start script.
npm ERR! This is probably not a problem with npm. There is likely additional logging output above.
npm WARN Local package.json exists, but node_modules missing, did you mean to install?

npm ERR! A complete log of this run can be found in:
npm ERR!     /home/operador/.npm/_logs/2019-03-20T00_21_40_128Z-debug.log
sh: react-scripts: command not found
npm ERR! file sh
npm ERR! code ELIFECYCLE
npm ERR! errno ENOENT
npm ERR! syscall spawn
npm ERR! notes-app-client@0.1.0 start: `set PORT=82 && react-scripts start`
npm ERR! spawn ENOENT
npm ERR! 
npm ERR! Failed at the notes-app-client@0.1.0 start script.
npm ERR! This is probably not a problem with npm. There is likely additional logging output above.
npm WARN Local package.json exists, but node_modules missing, did you mean to install?

npm ERR! A complete log of this run can be found in:
npm ERR!     /home/operador/.npm/_logs/2019-03-20T00_21_40_659Z-debug.log
sh: react-scripts: command not found
npm ERR! file sh
npm ERR! code ELIFECYCLE
npm ERR! errno ENOENT
npm ERR! syscall spawn
npm ERR! notes-app-client@0.1.0 start: `set PORT=82 && react-scripts start`
npm ERR! spawn ENOENT
npm ERR! 
npm ERR! Failed at the notes-app-client@0.1.0 start script.
npm ERR! This is probably not a problem with npm. There is likely additional logging output above.
npm WARN Local package.json exists, but node_modules missing, did you mean to install?

npm ERR! A complete log of this run can be found in:
npm ERR!     /home/operador/.npm/_logs/2019-03-20T00_21_41_188Z-debug.log
sh: react-scripts: command not found
npm ERR! file sh
npm ERR! code ELIFECYCLE
npm ERR! errno ENOENT
npm ERR! syscall spawn
npm ERR! notes-app-client@0.1.0 start: `set PORT=82 && react-scripts start`
npm ERR! spawn ENOENT
npm ERR! 
npm ERR! Failed at the notes-app-client@0.1.0 start script.
npm ERR! This is probably not a problem with npm. There is likely additional logging output above.
npm WARN Local package.json exists, but node_modules missing, did you mean to install?

npm ERR! A complete log of this run can be found in:
npm ERR!     /home/operador/.npm/_logs/2019-03-20T00_21_41_710Z-debug.log
sh: react-scripts: command not found
npm ERR! file sh
npm ERR! code ELIFECYCLE
npm ERR! errno ENOENT
npm ERR! syscall spawn
npm ERR! notes-app-client@0.1.0 start: `set PORT=82 && react-scripts start`
npm ERR! spawn ENOENT
npm ERR! 
npm ERR! Failed at the notes-app-client@0.1.0 start script.
npm ERR! This is probably not a problem with npm. There is likely additional logging output above.
npm WARN Local package.json exists, but node_modules missing, did you mean to install?

npm ERR! A complete log of this run can be found in:
npm ERR!     /home/operador/.npm/_logs/2019-03-20T00_21_42_234Z-debug.log
sh: react-scripts: command not found
npm ERR! file sh
npm ERR! code ELIFECYCLE
npm ERR! errno ENOENT
npm ERR! syscall spawn
npm ERR! notes-app-client@0.1.0 start: `set PORT=82 && react-scripts start`
npm ERR! spawn ENOENT
npm ERR! 
npm ERR! Failed at the notes-app-client@0.1.0 start script.
npm ERR! This is probably not a problem with npm. There is likely additional logging output above.
npm WARN Local package.json exists, but node_modules missing, did you mean to install?

npm ERR! A complete log of this run can be found in:
npm ERR!     /home/operador/.npm/_logs/2019-03-20T00_21_42_765Z-debug.log
sh: react-scripts: command not found
npm ERR! file sh
npm ERR! code ELIFECYCLE
npm ERR! errno ENOENT
npm ERR! syscall spawn
npm ERR! notes-app-client@0.1.0 start: `set PORT=82 && react-scripts start`
npm ERR! spawn ENOENT
npm ERR! 
npm ERR! Failed at the notes-app-client@0.1.0 start script.
npm ERR! This is probably not a problem with npm. There is likely additional logging output above.
npm WARN Local package.json exists, but node_modules missing, did you mean to install?

npm ERR! A complete log of this run can be found in:
npm ERR!     /home/operador/.npm/_logs/2019-03-20T00_21_43_288Z-debug.log
sh: react-scripts: command not found
npm ERR! file sh
npm ERR! code ELIFECYCLE
npm ERR! errno ENOENT
npm ERR! syscall spawn
npm ERR! notes-app-client@0.1.0 start: `set PORT=82 && react-scripts start`
npm ERR! spawn ENOENT
npm ERR! 
npm ERR! Failed at the notes-app-client@0.1.0 start script.
npm ERR! This is probably not a problem with npm. There is likely additional logging output above.
npm WARN Local package.json exists, but node_modules missing, did you mean to install?

npm ERR! A complete log of this run can be found in:
npm ERR!     /home/operador/.npm/_logs/2019-03-20T00_21_43_814Z-debug.log
sh: react-scripts: command not found
npm ERR! file sh
npm ERR! code ELIFECYCLE
npm ERR! errno ENOENT
npm ERR! syscall spawn
npm ERR! notes-app-client@0.1.0 start: `set PORT=82 && react-scripts start`
npm ERR! spawn ENOENT
npm ERR! 
npm ERR! Failed at the notes-app-client@0.1.0 start script.
npm ERR! This is probably not a problem with npm. There is likely additional logging output above.
npm WARN Local package.json exists, but node_modules missing, did you mean to install?

npm ERR! A complete log of this run can be found in:
npm ERR!     /home/operador/.npm/_logs/2019-03-20T00_21_44_348Z-debug.log
sh: react-scripts: command not found
npm ERR! file sh
npm ERR! code ELIFECYCLE
npm ERR! errno ENOENT
npm ERR! syscall spawn
npm ERR! notes-app-client@0.1.0 start: `set PORT=82 && react-scripts start`
npm ERR! spawn ENOENT
npm ERR! 
npm ERR! Failed at the notes-app-client@0.1.0 start script.
npm ERR! This is probably not a problem with npm. There is likely additional logging output above.
npm WARN Local package.json exists, but node_modules missing, did you mean to install?

npm ERR! A complete log of this run can be found in:
npm ERR!     /home/operador/.npm/_logs/2019-03-20T00_21_44_877Z-debug.log
sh: react-scripts: command not found
npm ERR! file sh
npm ERR! code ELIFECYCLE
npm ERR! errno ENOENT
npm ERR! syscall spawn
npm ERR! notes-app-client@0.1.0 start: `set PORT=82 && react-scripts start`
npm ERR! spawn ENOENT
npm ERR! 
npm ERR! Failed at the notes-app-client@0.1.0 start script.
npm ERR! This is probably not a problem with npm. There is likely additional logging output above.
npm WARN Local package.json exists, but node_modules missing, did you mean to install?

npm ERR! A complete log of this run can be found in:
npm ERR!     /home/operador/.npm/_logs/2019-03-20T00_21_45_406Z-debug.log
sh: react-scripts: command not found
npm ERR! file sh
npm ERR! code ELIFECYCLE
npm ERR! errno ENOENT
npm ERR! syscall spawn
npm ERR! notes-app-client@0.1.0 start: `set PORT=82 && react-scripts start`
npm ERR! spawn ENOENT
npm ERR! 
npm ERR! Failed at the notes-app-client@0.1.0 start script.
npm ERR! This is probably not a problem with npm. There is likely additional logging output above.
npm WARN Local package.json exists, but node_modules missing, did you mean to install?

npm ERR! A complete log of this run can be found in:
npm ERR!     /home/operador/.npm/_logs/2019-03-20T00_21_45_931Z-debug.log
sh: react-scripts: command not found
npm ERR! file sh
npm ERR! code ELIFECYCLE
npm ERR! errno ENOENT
npm ERR! syscall spawn
npm ERR! notes-app-client@0.1.0 start: `set PORT=82 && react-scripts start`
npm ERR! spawn ENOENT
npm ERR! 
npm ERR! Failed at the notes-app-client@0.1.0 start script.
npm ERR! This is probably not a problem with npm. There is likely additional logging output above.
npm WARN Local package.json exists, but node_modules missing, did you mean to install?

npm ERR! A complete log of this run can be found in:
npm ERR!     /home/operador/.npm/_logs/2019-03-20T00_21_46_455Z-debug.log
sh: react-scripts: command not found
npm ERR! file sh
npm ERR! code ELIFECYCLE
npm ERR! errno ENOENT
npm ERR! syscall spawn
npm ERR! notes-app-client@0.1.0 start: `set PORT=82 && react-scripts start`
npm ERR! spawn ENOENT
npm ERR! 
npm ERR! Failed at the notes-app-client@0.1.0 start script.
npm ERR! This is probably not a problem with npm. There is likely additional logging output above.
npm WARN Local package.json exists, but node_modules missing, did you mean to install?

npm ERR! A complete log of this run can be found in:
npm ERR!     /home/operador/.npm/_logs/2019-03-20T00_21_47_059Z-debug.log
sh: react-scripts: command not found
npm ERR! file sh
npm ERR! code ELIFECYCLE
npm ERR! errno ENOENT
npm ERR! syscall spawn
npm ERR! notes-app-client@0.1.0 start: `set PORT=82 && react-scripts start`
npm ERR! spawn ENOENT
npm ERR! 
npm ERR! Failed at the notes-app-client@0.1.0 start script.
npm ERR! This is probably not a problem with npm. There is likely additional logging output above.
npm WARN Local package.json exists, but node_modules missing, did you mean to install?

npm ERR! A complete log of this run can be found in:
npm ERR!     /home/operador/.npm/_logs/2019-03-20T00_21_47_590Z-debug.log
sh: react-scripts: command not found
npm ERR! file sh
npm ERR! code ELIFECYCLE
npm ERR! errno ENOENT
npm ERR! syscall spawn
npm ERR! notes-app-client@0.1.0 start: `set PORT=80 && react-scripts start`
npm ERR! spawn ENOENT
npm ERR! 
npm ERR! Failed at the notes-app-client@0.1.0 start script.
npm ERR! This is probably not a problem with npm. There is likely additional logging output above.
npm WARN Local package.json exists, but node_modules missing, did you mean to install?

npm ERR! A complete log of this run can be found in:
npm ERR!     /home/operador/.npm/_logs/2019-03-20T00_22_58_648Z-debug.log
sh: react-scripts: command not found
npm ERR! file sh
npm ERR! code ELIFECYCLE
npm ERR! errno ENOENT
npm ERR! syscall spawn
npm ERR! notes-app-client@0.1.0 start: `set PORT=80 && react-scripts start`
npm ERR! spawn ENOENT
npm ERR! 
npm ERR! Failed at the notes-app-client@0.1.0 start script.
npm ERR! This is probably not a problem with npm. There is likely additional logging output above.
npm WARN Local package.json exists, but node_modules missing, did you mean to install?

npm ERR! A complete log of this run can be found in:
npm ERR!     /home/operador/.npm/_logs/2019-03-20T00_22_59_176Z-debug.log
sh: react-scripts: command not found
npm ERR! file sh
npm ERR! code ELIFECYCLE
npm ERR! errno ENOENT
npm ERR! syscall spawn
npm ERR! notes-app-client@0.1.0 start: `set PORT=80 && react-scripts start`
npm ERR! spawn ENOENT
npm ERR! 
npm ERR! Failed at the notes-app-client@0.1.0 start script.
npm ERR! This is probably not a problem with npm. There is likely additional logging output above.
npm WARN Local package.json exists, but node_modules missing, did you mean to install?

npm ERR! A complete log of this run can be found in:
npm ERR!     /home/operador/.npm/_logs/2019-03-20T00_22_59_705Z-debug.log
sh: react-scripts: command not found
npm ERR! file sh
npm ERR! code ELIFECYCLE
npm ERR! errno ENOENT
npm ERR! syscall spawn
npm ERR! notes-app-client@0.1.0 start: `set PORT=80 && react-scripts start`
npm ERR! spawn ENOENT
npm ERR! 
npm ERR! Failed at the notes-app-client@0.1.0 start script.
npm ERR! This is probably not a problem with npm. There is likely additional logging output above.
npm WARN Local package.json exists, but node_modules missing, did you mean to install?

npm ERR! A complete log of this run can be found in:
npm ERR!     /home/operador/.npm/_logs/2019-03-20T00_23_00_235Z-debug.log
sh: react-scripts: command not found
npm ERR! file sh
npm ERR! code ELIFECYCLE
npm ERR! errno ENOENT
npm ERR! syscall spawn
npm ERR! notes-app-client@0.1.0 start: `set PORT=80 && react-scripts start`
npm ERR! spawn ENOENT
npm ERR! 
npm ERR! Failed at the notes-app-client@0.1.0 start script.
npm ERR! This is probably not a problem with npm. There is likely additional logging output above.
npm WARN Local package.json exists, but node_modules missing, did you mean to install?

npm ERR! A complete log of this run can be found in:
npm ERR!     /home/operador/.npm/_logs/2019-03-20T00_23_00_761Z-debug.log
sh: react-scripts: command not found
npm ERR! file sh
npm ERR! code ELIFECYCLE
npm ERR! errno ENOENT
npm ERR! syscall spawn
npm ERR! notes-app-client@0.1.0 start: `set PORT=80 && react-scripts start`
npm ERR! spawn ENOENT
npm ERR! 
npm ERR! Failed at the notes-app-client@0.1.0 start script.
npm ERR! This is probably not a problem with npm. There is likely additional logging output above.
npm WARN Local package.json exists, but node_modules missing, did you mean to install?

npm ERR! A complete log of this run can be found in:
npm ERR!     /home/operador/.npm/_logs/2019-03-20T00_23_01_296Z-debug.log
sh: react-scripts: command not found
npm ERR! file sh
npm ERR! code ELIFECYCLE
npm ERR! errno ENOENT
npm ERR! syscall spawn
npm ERR! notes-app-client@0.1.0 start: `set PORT=80 && react-scripts start`
npm ERR! spawn ENOENT
npm ERR! 
npm ERR! Failed at the notes-app-client@0.1.0 start script.
npm ERR! This is probably not a problem with npm. There is likely additional logging output above.
npm WARN Local package.json exists, but node_modules missing, did you mean to install?

npm ERR! A complete log of this run can be found in:
npm ERR!     /home/operador/.npm/_logs/2019-03-20T00_23_01_816Z-debug.log
sh: react-scripts: command not found
npm ERR! file sh
npm ERR! code ELIFECYCLE
npm ERR! errno ENOENT
npm ERR! syscall spawn
npm ERR! notes-app-client@0.1.0 start: `set PORT=80 && react-scripts start`
npm ERR! spawn ENOENT
npm ERR! 
npm ERR! Failed at the notes-app-client@0.1.0 start script.
npm ERR! This is probably not a problem with npm. There is likely additional logging output above.
npm WARN Local package.json exists, but node_modules missing, did you mean to install?

npm ERR! A complete log of this run can be found in:
npm ERR!     /home/operador/.npm/_logs/2019-03-20T00_23_02_338Z-debug.log
sh: react-scripts: command not found
npm ERR! file sh
npm ERR! code ELIFECYCLE
npm ERR! errno ENOENT
npm ERR! syscall spawn
npm ERR! notes-app-client@0.1.0 start: `set PORT=80 && react-scripts start`
npm ERR! spawn ENOENT
npm ERR! 
npm ERR! Failed at the notes-app-client@0.1.0 start script.
npm ERR! This is probably not a problem with npm. There is likely additional logging output above.
npm WARN Local package.json exists, but node_modules missing, did you mean to install?

npm ERR! A complete log of this run can be found in:
npm ERR!     /home/operador/.npm/_logs/2019-03-20T00_23_02_862Z-debug.log
sh: react-scripts: command not found
npm ERR! file sh
npm ERR! code ELIFECYCLE
npm ERR! errno ENOENT
npm ERR! syscall spawn
npm ERR! notes-app-client@0.1.0 start: `set PORT=80 && react-scripts start`
npm ERR! spawn ENOENT
npm ERR! 
npm ERR! Failed at the notes-app-client@0.1.0 start script.
npm ERR! This is probably not a problem with npm. There is likely additional logging output above.
npm WARN Local package.json exists, but node_modules missing, did you mean to install?

npm ERR! A complete log of this run can be found in:
npm ERR!     /home/operador/.npm/_logs/2019-03-20T00_23_03_392Z-debug.log
sh: react-scripts: command not found
npm ERR! file sh
npm ERR! code ELIFECYCLE
npm ERR! errno ENOENT
npm ERR! syscall spawn
npm ERR! notes-app-client@0.1.0 start: `set PORT=80 && react-scripts start`
npm ERR! spawn ENOENT
npm ERR! 
npm ERR! Failed at the notes-app-client@0.1.0 start script.
npm ERR! This is probably not a problem with npm. There is likely additional logging output above.
npm WARN Local package.json exists, but node_modules missing, did you mean to install?

npm ERR! A complete log of this run can be found in:
npm ERR!     /home/operador/.npm/_logs/2019-03-20T00_23_03_913Z-debug.log
sh: react-scripts: command not found
npm ERR! file sh
npm ERR! code ELIFECYCLE
npm ERR! errno ENOENT
npm ERR! syscall spawn
npm ERR! notes-app-client@0.1.0 start: `set PORT=80 && react-scripts start`
npm ERR! spawn ENOENT
npm ERR! 
npm ERR! Failed at the notes-app-client@0.1.0 start script.
npm ERR! This is probably not a problem with npm. There is likely additional logging output above.
npm WARN Local package.json exists, but node_modules missing, did you mean to install?

npm ERR! A complete log of this run can be found in:
npm ERR!     /home/operador/.npm/_logs/2019-03-20T00_23_04_441Z-debug.log
sh: react-scripts: command not found
npm ERR! file sh
npm ERR! code ELIFECYCLE
npm ERR! errno ENOENT
npm ERR! syscall spawn
npm ERR! notes-app-client@0.1.0 start: `set PORT=80 && react-scripts start`
npm ERR! spawn ENOENT
npm ERR! 
npm ERR! Failed at the notes-app-client@0.1.0 start script.
npm ERR! This is probably not a problem with npm. There is likely additional logging output above.
npm WARN Local package.json exists, but node_modules missing, did you mean to install?

npm ERR! A complete log of this run can be found in:
npm ERR!     /home/operador/.npm/_logs/2019-03-20T00_23_04_965Z-debug.log
sh: react-scripts: command not found
npm ERR! file sh
npm ERR! code ELIFECYCLE
npm ERR! errno ENOENT
npm ERR! syscall spawn
npm ERR! notes-app-client@0.1.0 start: `set PORT=80 && react-scripts start`
npm ERR! spawn ENOENT
npm ERR! 
npm ERR! Failed at the notes-app-client@0.1.0 start script.
npm ERR! This is probably not a problem with npm. There is likely additional logging output above.
npm WARN Local package.json exists, but node_modules missing, did you mean to install?

npm ERR! A complete log of this run can be found in:
npm ERR!     /home/operador/.npm/_logs/2019-03-20T00_23_05_488Z-debug.log
sh: react-scripts: command not found
npm ERR! file sh
npm ERR! code ELIFECYCLE
npm ERR! errno ENOENT
npm ERR! syscall spawn
npm ERR! notes-app-client@0.1.0 start: `set PORT=80 && react-scripts start`
npm ERR! spawn ENOENT
npm ERR! 
npm ERR! Failed at the notes-app-client@0.1.0 start script.
npm ERR! This is probably not a problem with npm. There is likely additional logging output above.
npm WARN Local package.json exists, but node_modules missing, did you mean to install?

npm ERR! A complete log of this run can be found in:
npm ERR!     /home/operador/.npm/_logs/2019-03-20T00_23_06_006Z-debug.log
sh: react-scripts: command not found
npm ERR! file sh
npm ERR! code ELIFECYCLE
npm ERR! errno ENOENT
npm ERR! syscall spawn
npm ERR! notes-app-client@0.1.0 start: `set PORT=80 && react-scripts start`
npm ERR! spawn ENOENT
npm ERR! 
npm ERR! Failed at the notes-app-client@0.1.0 start script.
npm ERR! This is probably not a problem with npm. There is likely additional logging output above.
npm WARN Local package.json exists, but node_modules missing, did you mean to install?

npm ERR! A complete log of this run can be found in:
npm ERR!     /home/operador/.npm/_logs/2019-03-20T00_23_06_526Z-debug.log
