/Brandi/Brandi-Backend/start:1
(function (exports, require, module, __filename, __dirname) { npm start
                                                                  ^^^^^

SyntaxError: Unexpected identifier
    at createScript (vm.js:80:10)
    at Object.runInThisContext (vm.js:139:10)
    at Module._compile (module.js:616:28)
    at Object.Module._extensions..js (module.js:663:10)
    at Module.load (module.js:565:32)
    at tryModuleLoad (module.js:505:12)
    at Function.Module._load (module.js:497:3)
    at Object.<anonymous> (/home/operador/.nvm/versions/node/v8.11.3/lib/node_modules/pm2/lib/ProcessContainerFork.js:83:21)
    at Module._compile (module.js:652:30)
    at Object.Module._extensions..js (module.js:663:10)
/Brandi/Brandi-Backend/start:1
(function (exports, require, module, __filename, __dirname) { npm start
                                                                  ^^^^^

SyntaxError: Unexpected identifier
    at createScript (vm.js:80:10)
    at Object.runInThisContext (vm.js:139:10)
    at Module._compile (module.js:616:28)
    at Object.Module._extensions..js (module.js:663:10)
    at Module.load (module.js:565:32)
    at tryModuleLoad (module.js:505:12)
    at Function.Module._load (module.js:497:3)
    at Object.<anonymous> (/home/operador/.nvm/versions/node/v8.11.3/lib/node_modules/pm2/lib/ProcessContainerFork.js:83:21)
    at Module._compile (module.js:652:30)
    at Object.Module._extensions..js (module.js:663:10)
/Brandi/Brandi-Backend/start:1
(function (exports, require, module, __filename, __dirname) { npm start
                                                                  ^^^^^

SyntaxError: Unexpected identifier
    at createScript (vm.js:80:10)
    at Object.runInThisContext (vm.js:139:10)
    at Module._compile (module.js:616:28)
    at Object.Module._extensions..js (module.js:663:10)
    at Module.load (module.js:565:32)
    at tryModuleLoad (module.js:505:12)
    at Function.Module._load (module.js:497:3)
    at Object.<anonymous> (/home/operador/.nvm/versions/node/v8.11.3/lib/node_modules/pm2/lib/ProcessContainerFork.js:83:21)
    at Module._compile (module.js:652:30)
    at Object.Module._extensions..js (module.js:663:10)
/Brandi/Brandi-Backend/start:1
(function (exports, require, module, __filename, __dirname) { npm start
                                                                  ^^^^^

SyntaxError: Unexpected identifier
    at createScript (vm.js:80:10)
    at Object.runInThisContext (vm.js:139:10)
    at Module._compile (module.js:616:28)
    at Object.Module._extensions..js (module.js:663:10)
    at Module.load (module.js:565:32)
    at tryModuleLoad (module.js:505:12)
    at Function.Module._load (module.js:497:3)
    at Object.<anonymous> (/home/operador/.nvm/versions/node/v8.11.3/lib/node_modules/pm2/lib/ProcessContainerFork.js:83:21)
    at Module._compile (module.js:652:30)
    at Object.Module._extensions..js (module.js:663:10)
/Brandi/Brandi-Backend/start:1
(function (exports, require, module, __filename, __dirname) { npm start
                                                                  ^^^^^

SyntaxError: Unexpected identifier
    at createScript (vm.js:80:10)
    at Object.runInThisContext (vm.js:139:10)
    at Module._compile (module.js:616:28)
    at Object.Module._extensions..js (module.js:663:10)
    at Module.load (module.js:565:32)
    at tryModuleLoad (module.js:505:12)
    at Function.Module._load (module.js:497:3)
    at Object.<anonymous> (/home/operador/.nvm/versions/node/v8.11.3/lib/node_modules/pm2/lib/ProcessContainerFork.js:83:21)
    at Module._compile (module.js:652:30)
    at Object.Module._extensions..js (module.js:663:10)
/Brandi/Brandi-Backend/start:1
(function (exports, require, module, __filename, __dirname) { npm start
                                                                  ^^^^^

SyntaxError: Unexpected identifier
    at createScript (vm.js:80:10)
    at Object.runInThisContext (vm.js:139:10)
    at Module._compile (module.js:616:28)
    at Object.Module._extensions..js (module.js:663:10)
    at Module.load (module.js:565:32)
    at tryModuleLoad (module.js:505:12)
    at Function.Module._load (module.js:497:3)
    at Object.<anonymous> (/home/operador/.nvm/versions/node/v8.11.3/lib/node_modules/pm2/lib/ProcessContainerFork.js:83:21)
    at Module._compile (module.js:652:30)
    at Object.Module._extensions..js (module.js:663:10)
/Brandi/Brandi-Backend/start:1
(function (exports, require, module, __filename, __dirname) { npm start
                                                                  ^^^^^

SyntaxError: Unexpected identifier
    at createScript (vm.js:80:10)
    at Object.runInThisContext (vm.js:139:10)
    at Module._compile (module.js:616:28)
    at Object.Module._extensions..js (module.js:663:10)
    at Module.load (module.js:565:32)
    at tryModuleLoad (module.js:505:12)
    at Function.Module._load (module.js:497:3)
    at Object.<anonymous> (/home/operador/.nvm/versions/node/v8.11.3/lib/node_modules/pm2/lib/ProcessContainerFork.js:83:21)
    at Module._compile (module.js:652:30)
    at Object.Module._extensions..js (module.js:663:10)
/Brandi/Brandi-Backend/start:1
(function (exports, require, module, __filename, __dirname) { npm start
                                                                  ^^^^^

SyntaxError: Unexpected identifier
    at createScript (vm.js:80:10)
    at Object.runInThisContext (vm.js:139:10)
    at Module._compile (module.js:616:28)
    at Object.Module._extensions..js (module.js:663:10)
    at Module.load (module.js:565:32)
    at tryModuleLoad (module.js:505:12)
    at Function.Module._load (module.js:497:3)
    at Object.<anonymous> (/home/operador/.nvm/versions/node/v8.11.3/lib/node_modules/pm2/lib/ProcessContainerFork.js:83:21)
    at Module._compile (module.js:652:30)
    at Object.Module._extensions..js (module.js:663:10)
/Brandi/Brandi-Backend/start:1
(function (exports, require, module, __filename, __dirname) { npm start
                                                                  ^^^^^

SyntaxError: Unexpected identifier
    at createScript (vm.js:80:10)
    at Object.runInThisContext (vm.js:139:10)
    at Module._compile (module.js:616:28)
    at Object.Module._extensions..js (module.js:663:10)
    at Module.load (module.js:565:32)
    at tryModuleLoad (module.js:505:12)
    at Function.Module._load (module.js:497:3)
    at Object.<anonymous> (/home/operador/.nvm/versions/node/v8.11.3/lib/node_modules/pm2/lib/ProcessContainerFork.js:83:21)
    at Module._compile (module.js:652:30)
    at Object.Module._extensions..js (module.js:663:10)
/Brandi/Brandi-Backend/start:1
(function (exports, require, module, __filename, __dirname) { npm start
                                                                  ^^^^^

SyntaxError: Unexpected identifier
    at createScript (vm.js:80:10)
    at Object.runInThisContext (vm.js:139:10)
    at Module._compile (module.js:616:28)
    at Object.Module._extensions..js (module.js:663:10)
    at Module.load (module.js:565:32)
    at tryModuleLoad (module.js:505:12)
    at Function.Module._load (module.js:497:3)
    at Object.<anonymous> (/home/operador/.nvm/versions/node/v8.11.3/lib/node_modules/pm2/lib/ProcessContainerFork.js:83:21)
    at Module._compile (module.js:652:30)
    at Object.Module._extensions..js (module.js:663:10)
/Brandi/Brandi-Backend/start:1
(function (exports, require, module, __filename, __dirname) { npm start
                                                                  ^^^^^

SyntaxError: Unexpected identifier
    at createScript (vm.js:80:10)
    at Object.runInThisContext (vm.js:139:10)
    at Module._compile (module.js:616:28)
    at Object.Module._extensions..js (module.js:663:10)
    at Module.load (module.js:565:32)
    at tryModuleLoad (module.js:505:12)
    at Function.Module._load (module.js:497:3)
    at Object.<anonymous> (/home/operador/.nvm/versions/node/v8.11.3/lib/node_modules/pm2/lib/ProcessContainerFork.js:83:21)
    at Module._compile (module.js:652:30)
    at Object.Module._extensions..js (module.js:663:10)
/Brandi/Brandi-Backend/start:1
(function (exports, require, module, __filename, __dirname) { npm start
                                                                  ^^^^^

SyntaxError: Unexpected identifier
    at createScript (vm.js:80:10)
    at Object.runInThisContext (vm.js:139:10)
    at Module._compile (module.js:616:28)
    at Object.Module._extensions..js (module.js:663:10)
    at Module.load (module.js:565:32)
    at tryModuleLoad (module.js:505:12)
    at Function.Module._load (module.js:497:3)
    at Object.<anonymous> (/home/operador/.nvm/versions/node/v8.11.3/lib/node_modules/pm2/lib/ProcessContainerFork.js:83:21)
    at Module._compile (module.js:652:30)
    at Object.Module._extensions..js (module.js:663:10)
/Brandi/Brandi-Backend/start:1
(function (exports, require, module, __filename, __dirname) { npm start
                                                                  ^^^^^

SyntaxError: Unexpected identifier
    at createScript (vm.js:80:10)
    at Object.runInThisContext (vm.js:139:10)
    at Module._compile (module.js:616:28)
    at Object.Module._extensions..js (module.js:663:10)
    at Module.load (module.js:565:32)
    at tryModuleLoad (module.js:505:12)
    at Function.Module._load (module.js:497:3)
    at Object.<anonymous> (/home/operador/.nvm/versions/node/v8.11.3/lib/node_modules/pm2/lib/ProcessContainerFork.js:83:21)
    at Module._compile (module.js:652:30)
    at Object.Module._extensions..js (module.js:663:10)
/Brandi/Brandi-Backend/start:1
(function (exports, require, module, __filename, __dirname) { npm start
                                                                  ^^^^^

SyntaxError: Unexpected identifier
    at createScript (vm.js:80:10)
    at Object.runInThisContext (vm.js:139:10)
    at Module._compile (module.js:616:28)
    at Object.Module._extensions..js (module.js:663:10)
    at Module.load (module.js:565:32)
    at tryModuleLoad (module.js:505:12)
    at Function.Module._load (module.js:497:3)
    at Object.<anonymous> (/home/operador/.nvm/versions/node/v8.11.3/lib/node_modules/pm2/lib/ProcessContainerFork.js:83:21)
    at Module._compile (module.js:652:30)
    at Object.Module._extensions..js (module.js:663:10)
/Brandi/Brandi-Backend/start:1
(function (exports, require, module, __filename, __dirname) { npm start
                                                                  ^^^^^

SyntaxError: Unexpected identifier
    at createScript (vm.js:80:10)
    at Object.runInThisContext (vm.js:139:10)
    at Module._compile (module.js:616:28)
    at Object.Module._extensions..js (module.js:663:10)
    at Module.load (module.js:565:32)
    at tryModuleLoad (module.js:505:12)
    at Function.Module._load (module.js:497:3)
    at Object.<anonymous> (/home/operador/.nvm/versions/node/v8.11.3/lib/node_modules/pm2/lib/ProcessContainerFork.js:83:21)
    at Module._compile (module.js:652:30)
    at Object.Module._extensions..js (module.js:663:10)
/Brandi/Brandi-Backend/start:1
(function (exports, require, module, __filename, __dirname) { npm start
                                                                  ^^^^^

SyntaxError: Unexpected identifier
    at createScript (vm.js:80:10)
    at Object.runInThisContext (vm.js:139:10)
    at Module._compile (module.js:616:28)
    at Object.Module._extensions..js (module.js:663:10)
    at Module.load (module.js:565:32)
    at tryModuleLoad (module.js:505:12)
    at Function.Module._load (module.js:497:3)
    at Object.<anonymous> (/home/operador/.nvm/versions/node/v8.11.3/lib/node_modules/pm2/lib/ProcessContainerFork.js:83:21)
    at Module._compile (module.js:652:30)
    at Object.Module._extensions..js (module.js:663:10)
/Brandi/Brandi-Backend/start:1
(function (exports, require, module, __filename, __dirname) { npm start
                                                                  ^^^^^

SyntaxError: Unexpected identifier
    at createScript (vm.js:80:10)
    at Object.runInThisContext (vm.js:139:10)
    at Module._compile (module.js:616:28)
    at Object.Module._extensions..js (module.js:663:10)
    at Module.load (module.js:565:32)
    at tryModuleLoad (module.js:505:12)
    at Function.Module._load (module.js:497:3)
    at Object.<anonymous> (/home/operador/.nvm/versions/node/v8.11.3/lib/node_modules/pm2/lib/ProcessContainerFork.js:83:21)
    at Module._compile (module.js:652:30)
    at Object.Module._extensions..js (module.js:663:10)
/Brandi/Brandi-Backend/start:1
(function (exports, require, module, __filename, __dirname) { npm start
                                                                  ^^^^^

SyntaxError: Unexpected identifier
    at createScript (vm.js:80:10)
    at Object.runInThisContext (vm.js:139:10)
    at Module._compile (module.js:616:28)
    at Object.Module._extensions..js (module.js:663:10)
    at Module.load (module.js:565:32)
    at tryModuleLoad (module.js:505:12)
    at Function.Module._load (module.js:497:3)
    at Object.<anonymous> (/home/operador/.nvm/versions/node/v8.11.3/lib/node_modules/pm2/lib/ProcessContainerFork.js:83:21)
    at Module._compile (module.js:652:30)
    at Object.Module._extensions..js (module.js:663:10)
/Brandi/Brandi-Backend/start:1
(function (exports, require, module, __filename, __dirname) { npm start
                                                                  ^^^^^

SyntaxError: Unexpected identifier
    at createScript (vm.js:80:10)
    at Object.runInThisContext (vm.js:139:10)
    at Module._compile (module.js:616:28)
    at Object.Module._extensions..js (module.js:663:10)
    at Module.load (module.js:565:32)
    at tryModuleLoad (module.js:505:12)
    at Function.Module._load (module.js:497:3)
    at Object.<anonymous> (/home/operador/.nvm/versions/node/v8.11.3/lib/node_modules/pm2/lib/ProcessContainerFork.js:83:21)
    at Module._compile (module.js:652:30)
    at Object.Module._extensions..js (module.js:663:10)
/Brandi/Brandi-Backend/start:1
(function (exports, require, module, __filename, __dirname) { npm start
                                                                  ^^^^^

SyntaxError: Unexpected identifier
    at createScript (vm.js:80:10)
    at Object.runInThisContext (vm.js:139:10)
    at Module._compile (module.js:616:28)
    at Object.Module._extensions..js (module.js:663:10)
    at Module.load (module.js:565:32)
    at tryModuleLoad (module.js:505:12)
    at Function.Module._load (module.js:497:3)
    at Object.<anonymous> (/home/operador/.nvm/versions/node/v8.11.3/lib/node_modules/pm2/lib/ProcessContainerFork.js:83:21)
    at Module._compile (module.js:652:30)
    at Object.Module._extensions..js (module.js:663:10)
/Brandi/Brandi-Backend/start:1
(function (exports, require, module, __filename, __dirname) { npm start
                                                                  ^^^^^

SyntaxError: Unexpected identifier
    at createScript (vm.js:80:10)
    at Object.runInThisContext (vm.js:139:10)
    at Module._compile (module.js:616:28)
    at Object.Module._extensions..js (module.js:663:10)
    at Module.load (module.js:565:32)
    at tryModuleLoad (module.js:505:12)
    at Function.Module._load (module.js:497:3)
    at Object.<anonymous> (/home/operador/.nvm/versions/node/v8.11.3/lib/node_modules/pm2/lib/ProcessContainerFork.js:83:21)
    at Module._compile (module.js:652:30)
    at Object.Module._extensions..js (module.js:663:10)
/Brandi/Brandi-Backend/start:1
(function (exports, require, module, __filename, __dirname) { npm start
                                                                  ^^^^^

SyntaxError: Unexpected identifier
    at createScript (vm.js:80:10)
    at Object.runInThisContext (vm.js:139:10)
    at Module._compile (module.js:616:28)
    at Object.Module._extensions..js (module.js:663:10)
    at Module.load (module.js:565:32)
    at tryModuleLoad (module.js:505:12)
    at Function.Module._load (module.js:497:3)
    at Object.<anonymous> (/home/operador/.nvm/versions/node/v8.11.3/lib/node_modules/pm2/lib/ProcessContainerFork.js:83:21)
    at Module._compile (module.js:652:30)
    at Object.Module._extensions..js (module.js:663:10)
/Brandi/Brandi-Backend/start:1
(function (exports, require, module, __filename, __dirname) { npm start
                                                                  ^^^^^

SyntaxError: Unexpected identifier
    at createScript (vm.js:80:10)
    at Object.runInThisContext (vm.js:139:10)
    at Module._compile (module.js:616:28)
    at Object.Module._extensions..js (module.js:663:10)
    at Module.load (module.js:565:32)
    at tryModuleLoad (module.js:505:12)
    at Function.Module._load (module.js:497:3)
    at Object.<anonymous> (/home/operador/.nvm/versions/node/v8.11.3/lib/node_modules/pm2/lib/ProcessContainerFork.js:83:21)
    at Module._compile (module.js:652:30)
    at Object.Module._extensions..js (module.js:663:10)
/Brandi/Brandi-Backend/start:1
(function (exports, require, module, __filename, __dirname) { npm start
                                                                  ^^^^^

SyntaxError: Unexpected identifier
    at createScript (vm.js:80:10)
    at Object.runInThisContext (vm.js:139:10)
    at Module._compile (module.js:616:28)
    at Object.Module._extensions..js (module.js:663:10)
    at Module.load (module.js:565:32)
    at tryModuleLoad (module.js:505:12)
    at Function.Module._load (module.js:497:3)
    at Object.<anonymous> (/home/operador/.nvm/versions/node/v8.11.3/lib/node_modules/pm2/lib/ProcessContainerFork.js:83:21)
    at Module._compile (module.js:652:30)
    at Object.Module._extensions..js (module.js:663:10)
/Brandi/Brandi-Backend/start:1
(function (exports, require, module, __filename, __dirname) { npm start
                                                                  ^^^^^

SyntaxError: Unexpected identifier
    at createScript (vm.js:80:10)
    at Object.runInThisContext (vm.js:139:10)
    at Module._compile (module.js:616:28)
    at Object.Module._extensions..js (module.js:663:10)
    at Module.load (module.js:565:32)
    at tryModuleLoad (module.js:505:12)
    at Function.Module._load (module.js:497:3)
    at Object.<anonymous> (/home/operador/.nvm/versions/node/v8.11.3/lib/node_modules/pm2/lib/ProcessContainerFork.js:83:21)
    at Module._compile (module.js:652:30)
    at Object.Module._extensions..js (module.js:663:10)
/Brandi/Brandi-Backend/start:1
(function (exports, require, module, __filename, __dirname) { npm start
                                                                  ^^^^^

SyntaxError: Unexpected identifier
    at createScript (vm.js:80:10)
    at Object.runInThisContext (vm.js:139:10)
    at Module._compile (module.js:616:28)
    at Object.Module._extensions..js (module.js:663:10)
    at Module.load (module.js:565:32)
    at tryModuleLoad (module.js:505:12)
    at Function.Module._load (module.js:497:3)
    at Object.<anonymous> (/home/operador/.nvm/versions/node/v8.11.3/lib/node_modules/pm2/lib/ProcessContainerFork.js:83:21)
    at Module._compile (module.js:652:30)
    at Object.Module._extensions..js (module.js:663:10)
/Brandi/Brandi-Backend/start:1
(function (exports, require, module, __filename, __dirname) { npm start
                                                                  ^^^^^

SyntaxError: Unexpected identifier
    at createScript (vm.js:80:10)
    at Object.runInThisContext (vm.js:139:10)
    at Module._compile (module.js:616:28)
    at Object.Module._extensions..js (module.js:663:10)
    at Module.load (module.js:565:32)
    at tryModuleLoad (module.js:505:12)
    at Function.Module._load (module.js:497:3)
    at Object.<anonymous> (/home/operador/.nvm/versions/node/v8.11.3/lib/node_modules/pm2/lib/ProcessContainerFork.js:83:21)
    at Module._compile (module.js:652:30)
    at Object.Module._extensions..js (module.js:663:10)
/Brandi/Brandi-Backend/start:1
(function (exports, require, module, __filename, __dirname) { npm start
                                                                  ^^^^^

SyntaxError: Unexpected identifier
    at createScript (vm.js:80:10)
    at Object.runInThisContext (vm.js:139:10)
    at Module._compile (module.js:616:28)
    at Object.Module._extensions..js (module.js:663:10)
    at Module.load (module.js:565:32)
    at tryModuleLoad (module.js:505:12)
    at Function.Module._load (module.js:497:3)
    at Object.<anonymous> (/home/operador/.nvm/versions/node/v8.11.3/lib/node_modules/pm2/lib/ProcessContainerFork.js:83:21)
    at Module._compile (module.js:652:30)
    at Object.Module._extensions..js (module.js:663:10)
/Brandi/Brandi-Backend/start:1
(function (exports, require, module, __filename, __dirname) { npm start
                                                                  ^^^^^

SyntaxError: Unexpected identifier
    at createScript (vm.js:80:10)
    at Object.runInThisContext (vm.js:139:10)
    at Module._compile (module.js:616:28)
    at Object.Module._extensions..js (module.js:663:10)
    at Module.load (module.js:565:32)
    at tryModuleLoad (module.js:505:12)
    at Function.Module._load (module.js:497:3)
    at Object.<anonymous> (/home/operador/.nvm/versions/node/v8.11.3/lib/node_modules/pm2/lib/ProcessContainerFork.js:83:21)
    at Module._compile (module.js:652:30)
    at Object.Module._extensions..js (module.js:663:10)
/Brandi/Brandi-Backend/start:1
(function (exports, require, module, __filename, __dirname) { npm start
                                                                  ^^^^^

SyntaxError: Unexpected identifier
    at createScript (vm.js:80:10)
    at Object.runInThisContext (vm.js:139:10)
    at Module._compile (module.js:616:28)
    at Object.Module._extensions..js (module.js:663:10)
    at Module.load (module.js:565:32)
    at tryModuleLoad (module.js:505:12)
    at Function.Module._load (module.js:497:3)
    at Object.<anonymous> (/home/operador/.nvm/versions/node/v8.11.3/lib/node_modules/pm2/lib/ProcessContainerFork.js:83:21)
    at Module._compile (module.js:652:30)
    at Object.Module._extensions..js (module.js:663:10)
/Brandi/Brandi-Backend/start:1
(function (exports, require, module, __filename, __dirname) { npm start
                                                                  ^^^^^

SyntaxError: Unexpected identifier
    at createScript (vm.js:80:10)
    at Object.runInThisContext (vm.js:139:10)
    at Module._compile (module.js:616:28)
    at Object.Module._extensions..js (module.js:663:10)
    at Module.load (module.js:565:32)
    at tryModuleLoad (module.js:505:12)
    at Function.Module._load (module.js:497:3)
    at Object.<anonymous> (/home/operador/.nvm/versions/node/v8.11.3/lib/node_modules/pm2/lib/ProcessContainerFork.js:83:21)
    at Module._compile (module.js:652:30)
    at Object.Module._extensions..js (module.js:663:10)
/Brandi/Brandi-Backend/start:1
(function (exports, require, module, __filename, __dirname) { npm start
                                                                  ^^^^^

SyntaxError: Unexpected identifier
    at createScript (vm.js:80:10)
    at Object.runInThisContext (vm.js:139:10)
    at Module._compile (module.js:616:28)
    at Object.Module._extensions..js (module.js:663:10)
    at Module.load (module.js:565:32)
    at tryModuleLoad (module.js:505:12)
    at Function.Module._load (module.js:497:3)
    at Object.<anonymous> (/home/operador/.nvm/versions/node/v8.11.3/lib/node_modules/pm2/lib/ProcessContainerFork.js:83:21)
    at Module._compile (module.js:652:30)
    at Object.Module._extensions..js (module.js:663:10)
