0 info it worked if it ends with ok
1 verbose cli [ '/home/operador/.nvm/versions/node/v8.11.3/bin/node',
1 verbose cli   '/home/operador/.nvm/versions/node/v8.11.3/bin/npm',
1 verbose cli   'start' ]
2 info using npm@6.9.0
3 info using node@v8.11.3
4 verbose run-script [ 'prestart', 'start', 'poststart' ]
5 info lifecycle notes-app-client@0.1.0~prestart: notes-app-client@0.1.0
6 info lifecycle notes-app-client@0.1.0~start: notes-app-client@0.1.0
7 verbose lifecycle notes-app-client@0.1.0~start: unsafe-perm in lifecycle true
8 verbose lifecycle notes-app-client@0.1.0~start: PATH: /home/operador/.nvm/versions/node/v8.11.3/lib/node_modules/npm/node_modules/npm-lifecycle/node-gyp-bin:/home/operador/brandiB/Frontend/notes-app-client/node_modules/.bin:/home/operador/.nvm/versions/node/v8.11.3/bin:/usr/local/bin:/usr/bin:/usr/local/sbin:/usr/sbin:/home/operador/npm/bin:/home/operador/.local/bin:/home/operador/bin
9 verbose lifecycle notes-app-client@0.1.0~start: CWD: /home/operador/brandiB/Frontend/notes-app-client
10 silly lifecycle notes-app-client@0.1.0~start: Args: [ '-c', 'PORT=82 react-scripts start' ]
11 silly lifecycle notes-app-client@0.1.0~start: Returned: code: 1  signal: null
12 info lifecycle notes-app-client@0.1.0~start: Failed to exec start script
13 verbose stack Error: notes-app-client@0.1.0 start: `PORT=82 react-scripts start`
13 verbose stack Exit status 1
13 verbose stack     at EventEmitter.<anonymous> (/home/operador/.nvm/versions/node/v8.11.3/lib/node_modules/npm/node_modules/npm-lifecycle/index.js:301:16)
13 verbose stack     at emitTwo (events.js:126:13)
13 verbose stack     at EventEmitter.emit (events.js:214:7)
13 verbose stack     at ChildProcess.<anonymous> (/home/operador/.nvm/versions/node/v8.11.3/lib/node_modules/npm/node_modules/npm-lifecycle/lib/spawn.js:55:14)
13 verbose stack     at emitTwo (events.js:126:13)
13 verbose stack     at ChildProcess.emit (events.js:214:7)
13 verbose stack     at maybeClose (internal/child_process.js:925:16)
13 verbose stack     at Process.ChildProcess._handle.onexit (internal/child_process.js:209:5)
14 verbose pkgid notes-app-client@0.1.0
15 verbose cwd /home/operador/brandiB/Frontend/notes-app-client
16 verbose Linux 3.10.0-862.14.4.el7.x86_64
17 verbose argv "/home/operador/.nvm/versions/node/v8.11.3/bin/node" "/home/operador/.nvm/versions/node/v8.11.3/bin/npm" "start"
18 verbose node v8.11.3
19 verbose npm  v6.9.0
20 error code ELIFECYCLE
21 error errno 1
22 error notes-app-client@0.1.0 start: `PORT=82 react-scripts start`
22 error Exit status 1
23 error Failed at the notes-app-client@0.1.0 start script.
23 error This is probably not a problem with npm. There is likely additional logging output above.
24 verbose exit [ 1, true ]
