0 info it worked if it ends with ok
1 verbose cli [ '/home/operador/.nvm/versions/node/v8.11.3/bin/node',
1 verbose cli   '/home/operador/.nvm/versions/node/v8.11.3/bin/npm',
1 verbose cli   'start' ]
2 info using npm@6.9.0
3 info using node@v8.11.3
4 verbose stack Error: missing script: start
4 verbose stack     at run (/home/operador/.nvm/versions/node/v8.11.3/lib/node_modules/npm/lib/run-script.js:155:19)
4 verbose stack     at /home/operador/.nvm/versions/node/v8.11.3/lib/node_modules/npm/lib/run-script.js:63:5
4 verbose stack     at /home/operador/.nvm/versions/node/v8.11.3/lib/node_modules/npm/node_modules/read-package-json/read-json.js:115:5
4 verbose stack     at /home/operador/.nvm/versions/node/v8.11.3/lib/node_modules/npm/node_modules/read-package-json/read-json.js:418:5
4 verbose stack     at checkBinReferences_ (/home/operador/.nvm/versions/node/v8.11.3/lib/node_modules/npm/node_modules/read-package-json/read-json.js:373:45)
4 verbose stack     at final (/home/operador/.nvm/versions/node/v8.11.3/lib/node_modules/npm/node_modules/read-package-json/read-json.js:416:3)
4 verbose stack     at then (/home/operador/.nvm/versions/node/v8.11.3/lib/node_modules/npm/node_modules/read-package-json/read-json.js:160:5)
4 verbose stack     at /home/operador/.nvm/versions/node/v8.11.3/lib/node_modules/npm/node_modules/read-package-json/read-json.js:280:12
4 verbose stack     at /home/operador/.nvm/versions/node/v8.11.3/lib/node_modules/npm/node_modules/graceful-fs/graceful-fs.js:90:16
4 verbose stack     at FSReqWrap.readFileAfterClose [as oncomplete] (fs.js:511:3)
5 verbose cwd /home/operador/brandi-A/master/Server/code
6 verbose Linux 3.10.0-862.14.4.el7.x86_64
7 verbose argv "/home/operador/.nvm/versions/node/v8.11.3/bin/node" "/home/operador/.nvm/versions/node/v8.11.3/bin/npm" "start"
8 verbose node v8.11.3
9 verbose npm  v6.9.0
10 error missing script: start
11 verbose exit [ 1, true ]
