0 info it worked if it ends with ok
1 verbose cli [ '/home/operador/.nvm/versions/node/v8.11.3/bin/node',
1 verbose cli   '/home/operador/.nvm/versions/node/v8.11.3/bin/npm',
1 verbose cli   'start' ]
2 info using npm@6.9.0
3 info using node@v8.11.3
4 verbose run-script [ 'prestart', 'start', 'poststart' ]
5 info lifecycle notes-app-client@0.1.0~prestart: notes-app-client@0.1.0
6 info lifecycle notes-app-client@0.1.0~start: notes-app-client@0.1.0
7 verbose lifecycle notes-app-client@0.1.0~start: unsafe-perm in lifecycle true
8 verbose lifecycle notes-app-client@0.1.0~start: PATH: /home/operador/.nvm/versions/node/v8.11.3/lib/node_modules/npm/node_modules/npm-lifecycle/node-gyp-bin:/home/operador/brandiB/Frontend/notes-app-client/node_modules/.bin:/home/operador/.nvm/versions/node/v8.11.3/bin:/usr/local/bin:/usr/bin:/usr/local/sbin:/usr/sbin:/home/operador/npm/bin:/home/operador/.local/bin:/home/operador/bin
9 verbose lifecycle notes-app-client@0.1.0~start: CWD: /home/operador/brandiB/Frontend/notes-app-client
10 silly lifecycle notes-app-client@0.1.0~start: Args: [ '-c', 'set PORT=80 && react-scripts start' ]
11 info lifecycle notes-app-client@0.1.0~start: Failed to exec start script
12 verbose stack Error: notes-app-client@0.1.0 start: `set PORT=80 && react-scripts start`
12 verbose stack spawn ENOENT
12 verbose stack     at ChildProcess.<anonymous> (/home/operador/.nvm/versions/node/v8.11.3/lib/node_modules/npm/node_modules/npm-lifecycle/lib/spawn.js:48:18)
12 verbose stack     at emitTwo (events.js:126:13)
12 verbose stack     at ChildProcess.emit (events.js:214:7)
12 verbose stack     at maybeClose (internal/child_process.js:925:16)
12 verbose stack     at Process.ChildProcess._handle.onexit (internal/child_process.js:209:5)
13 verbose pkgid notes-app-client@0.1.0
14 verbose cwd /home/operador/brandiB/Frontend/notes-app-client
15 verbose Linux 3.10.0-862.14.4.el7.x86_64
16 verbose argv "/home/operador/.nvm/versions/node/v8.11.3/bin/node" "/home/operador/.nvm/versions/node/v8.11.3/bin/npm" "start"
17 verbose node v8.11.3
18 verbose npm  v6.9.0
19 error file sh
20 error code ELIFECYCLE
21 error errno ENOENT
22 error syscall spawn
23 error notes-app-client@0.1.0 start: `set PORT=80 && react-scripts start`
23 error spawn ENOENT
24 error Failed at the notes-app-client@0.1.0 start script.
24 error This is probably not a problem with npm. There is likely additional logging output above.
25 verbose exit [ 1, true ]
